
21-08-2022 14:04:02 [mmilivojevic.wppsbootcamp.com][info] Parent plugin start installation!
21-08-2022 14:04:02 [mmilivojevic.wppsbootcamp.com][info] Plugin installation: try create plugin tables.
																	-DB Version: 0
																	-Plugin Version in DB: 0
																	-Current Plugin Version: 1.5.6
21-08-2022 14:04:03 [mmilivojevic.wppsbootcamp.com][info] Parent plugin installation complete!
-------------------------------
21-08-2022 14:04:16 [mmilivojevic.wppsbootcamp.com][info] Try to create backup directory. Backup dir: (/home/mmilivojevic/public_html/portfolio/wp-content/uploads/wio_backup)
-------------------------------
21-08-2022 14:04:33 [mmilivojevic.wppsbootcamp.com][info] Start bulk optimization process! Scope: media-library
21-08-2022 14:04:33 [mmilivojevic.wppsbootcamp.com][info] Try to create backup directory. Backup dir: (/home/mmilivojevic/public_html/portfolio/wp-content/uploads/wio_backup/2022/08)
21-08-2022 14:04:33 [mmilivojevic.wppsbootcamp.com][info] Preparing to upload a file (/home/mmilivojevic/public_html/portfolio/wp-content/uploads/2022/08/ben-kolde-bs2Ba7t69mM-unsplash-scaled.jpg) to a remote server (server_1).
21-08-2022 14:04:34 [mmilivojevic.wppsbootcamp.com][info] File successfully uploaded to remote server (server_1).
21-08-2022 14:04:34 [mmilivojevic.wppsbootcamp.com][info] Preparing to upload a file (/home/mmilivojevic/public_html/portfolio/wp-content/uploads/2022/08/ben-kolde-bs2Ba7t69mM-unsplash-150x150.jpg) to a remote server (server_1).
21-08-2022 14:04:34 [mmilivojevic.wppsbootcamp.com][info] File successfully uploaded to remote server (server_1).
21-08-2022 14:04:34 [mmilivojevic.wppsbootcamp.com][info] Preparing to upload a file (/home/mmilivojevic/public_html/portfolio/wp-content/uploads/2022/08/ben-kolde-bs2Ba7t69mM-unsplash-235x300.jpg) to a remote server (server_1).
21-08-2022 14:04:34 [mmilivojevic.wppsbootcamp.com][info] File successfully uploaded to remote server (server_1).
21-08-2022 14:04:34 [mmilivojevic.wppsbootcamp.com][debug] New queue created #1, attributes values: {&quot;server_id&quot;:null,&quot;object_id&quot;:&quot;47&quot;,&quot;object_name&quot;:&quot;&quot;,&quot;item_type&quot;:&quot;attachment&quot;,&quot;item_hash&quot;:null,&quot;item_hash_alternative&quot;:null,&quot;result_status&quot;:&quot;success&quot;,&quot;processing_level&quot;:&quot;normal&quot;,&quot;is_backed_up&quot;:true,&quot;original_size&quot;:640775,&quot;final_size&quot;:281352,&quot;original_mime_type&quot;:&quot;image\/jpeg&quot;,&quot;final_mime_type&quot;:&quot;image\/jpeg&quot;,&quot;extra_data&quot;:&quot;{\&quot;thumbnails_count\&quot;:2,\&quot;original_main_size\&quot;:616242,\&quot;class\&quot;:\&quot;RIO_Attachment_Extra_Data\&quot;}&quot;,&quot;created_at&quot;:1661090674}
21-08-2022 14:04:34 [mmilivojevic.wppsbootcamp.com][info] End bulk optimization process! Scope: media-library. Remain: 20
-------------------------------
21-08-2022 14:04:35 [mmilivojevic.wppsbootcamp.com][info] Start bulk optimization process! Scope: media-library
21-08-2022 14:04:35 [mmilivojevic.wppsbootcamp.com][info] Preparing to upload a file (/home/mmilivojevic/public_html/portfolio/wp-content/uploads/2022/08/ben-kolde-bs2Ba7t69mM-unsplash-1-scaled.jpg) to a remote server (server_1).
21-08-2022 14:04:36 [mmilivojevic.wppsbootcamp.com][info] File successfully uploaded to remote server (server_1).
21-08-2022 14:04:36 [mmilivojevic.wppsbootcamp.com][info] Preparing to upload a file (/home/mmilivojevic/public_html/portfolio/wp-content/uploads/2022/08/ben-kolde-bs2Ba7t69mM-unsplash-1-150x150.jpg) to a remote server (server_1).
21-08-2022 14:04:36 [mmilivojevic.wppsbootcamp.com][info] File successfully uploaded to remote server (server_1).
21-08-2022 14:04:36 [mmilivojevic.wppsbootcamp.com][info] Preparing to upload a file (/home/mmilivojevic/public_html/portfolio/wp-content/uploads/2022/08/ben-kolde-bs2Ba7t69mM-unsplash-1-300x293.jpg) to a remote server (server_1).
21-08-2022 14:04:36 [mmilivojevic.wppsbootcamp.com][info] File successfully uploaded to remote server (server_1).
21-08-2022 14:04:36 [mmilivojevic.wppsbootcamp.com][debug] New queue created #2, attributes values: {&quot;server_id&quot;:null,&quot;object_id&quot;:&quot;49&quot;,&quot;object_name&quot;:&quot;&quot;,&quot;item_type&quot;:&quot;attachment&quot;,&quot;item_hash&quot;:null,&quot;item_hash_alternative&quot;:null,&quot;result_status&quot;:&quot;success&quot;,&quot;processing_level&quot;:&quot;normal&quot;,&quot;is_backed_up&quot;:true,&quot;original_size&quot;:795580,&quot;final_size&quot;:353012,&quot;original_mime_type&quot;:&quot;image\/jpeg&quot;,&quot;final_mime_type&quot;:&quot;image\/jpeg&quot;,&quot;extra_data&quot;:&quot;{\&quot;thumbnails_count\&quot;:2,\&quot;original_main_size\&quot;:768949,\&quot;class\&quot;:\&quot;RIO_Attachment_Extra_Data\&quot;}&quot;,&quot;created_at&quot;:1661090676}
21-08-2022 14:04:36 [mmilivojevic.wppsbootcamp.com][info] End bulk optimization process! Scope: media-library. Remain: 19
-------------------------------
21-08-2022 14:04:36 [mmilivojevic.wppsbootcamp.com][info] Start bulk optimization process! Scope: media-library
21-08-2022 14:04:36 [mmilivojevic.wppsbootcamp.com][info] Preparing to upload a file (/home/mmilivojevic/public_html/portfolio/wp-content/uploads/2022/08/Untitled.png) to a remote server (server_1).
21-08-2022 14:04:38 [mmilivojevic.wppsbootcamp.com][info] File successfully uploaded to remote server (server_1).
21-08-2022 14:04:38 [mmilivojevic.wppsbootcamp.com][info] Preparing to upload a file (/home/mmilivojevic/public_html/portfolio/wp-content/uploads/2022/08/Untitled-150x150.png) to a remote server (server_1).
21-08-2022 14:04:38 [mmilivojevic.wppsbootcamp.com][info] File successfully uploaded to remote server (server_1).
21-08-2022 14:04:38 [mmilivojevic.wppsbootcamp.com][info] Preparing to upload a file (/home/mmilivojevic/public_html/portfolio/wp-content/uploads/2022/08/Untitled-300x167.png) to a remote server (server_1).
21-08-2022 14:04:38 [mmilivojevic.wppsbootcamp.com][info] File successfully uploaded to remote server (server_1).
21-08-2022 14:04:39 [mmilivojevic.wppsbootcamp.com][debug] New queue created #3, attributes values: {&quot;server_id&quot;:null,&quot;object_id&quot;:&quot;73&quot;,&quot;object_name&quot;:&quot;&quot;,&quot;item_type&quot;:&quot;attachment&quot;,&quot;item_hash&quot;:null,&quot;item_hash_alternative&quot;:null,&quot;result_status&quot;:&quot;success&quot;,&quot;processing_level&quot;:&quot;normal&quot;,&quot;is_backed_up&quot;:true,&quot;original_size&quot;:1429894,&quot;final_size&quot;:356132,&quot;original_mime_type&quot;:&quot;image\/png&quot;,&quot;final_mime_type&quot;:&quot;image\/png&quot;,&quot;extra_data&quot;:&quot;{\&quot;thumbnails_count\&quot;:2,\&quot;original_main_size\&quot;:1340780,\&quot;class\&quot;:\&quot;RIO_Attachment_Extra_Data\&quot;}&quot;,&quot;created_at&quot;:1661090679}
21-08-2022 14:04:39 [mmilivojevic.wppsbootcamp.com][info] End bulk optimization process! Scope: media-library. Remain: 18
-------------------------------
21-08-2022 14:04:39 [mmilivojevic.wppsbootcamp.com][info] Start bulk optimization process! Scope: media-library
21-08-2022 14:04:39 [mmilivojevic.wppsbootcamp.com][info] Preparing to upload a file (/home/mmilivojevic/public_html/portfolio/wp-content/uploads/2022/08/1659480321492-1.jpg) to a remote server (server_1).
21-08-2022 14:04:39 [mmilivojevic.wppsbootcamp.com][info] File successfully uploaded to remote server (server_1).
21-08-2022 14:04:39 [mmilivojevic.wppsbootcamp.com][info] Preparing to upload a file (/home/mmilivojevic/public_html/portfolio/wp-content/uploads/2022/08/1659480321492-1-150x150.jpg) to a remote server (server_1).
21-08-2022 14:04:39 [mmilivojevic.wppsbootcamp.com][info] File successfully uploaded to remote server (server_1).
21-08-2022 14:04:39 [mmilivojevic.wppsbootcamp.com][info] Preparing to upload a file (/home/mmilivojevic/public_html/portfolio/wp-content/uploads/2022/08/1659480321492-1-300x268.jpg) to a remote server (server_1).
21-08-2022 14:04:39 [mmilivojevic.wppsbootcamp.com][info] File successfully uploaded to remote server (server_1).
21-08-2022 14:04:40 [mmilivojevic.wppsbootcamp.com][debug] New queue created #4, attributes values: {&quot;server_id&quot;:null,&quot;object_id&quot;:&quot;105&quot;,&quot;object_name&quot;:&quot;&quot;,&quot;item_type&quot;:&quot;attachment&quot;,&quot;item_hash&quot;:null,&quot;item_hash_alternative&quot;:null,&quot;result_status&quot;:&quot;success&quot;,&quot;processing_level&quot;:&quot;normal&quot;,&quot;is_backed_up&quot;:true,&quot;original_size&quot;:140764,&quot;final_size&quot;:140764,&quot;original_mime_type&quot;:&quot;image\/jpeg&quot;,&quot;final_mime_type&quot;:&quot;image\/jpeg&quot;,&quot;extra_data&quot;:&quot;{\&quot;thumbnails_count\&quot;:2,\&quot;original_main_size\&quot;:122411,\&quot;class\&quot;:\&quot;RIO_Attachment_Extra_Data\&quot;}&quot;,&quot;created_at&quot;:1661090680}
21-08-2022 14:04:40 [mmilivojevic.wppsbootcamp.com][info] End bulk optimization process! Scope: media-library. Remain: 17
-------------------------------
21-08-2022 14:04:40 [mmilivojevic.wppsbootcamp.com][info] Start bulk optimization process! Scope: media-library
21-08-2022 14:04:40 [mmilivojevic.wppsbootcamp.com][info] Preparing to upload a file (/home/mmilivojevic/public_html/portfolio/wp-content/uploads/2022/08/merakist-l5if0iQfV4c-unsplash-scaled.jpg) to a remote server (server_1).
21-08-2022 14:04:40 [mmilivojevic.wppsbootcamp.com][info] File successfully uploaded to remote server (server_1).
21-08-2022 14:04:41 [mmilivojevic.wppsbootcamp.com][info] Preparing to upload a file (/home/mmilivojevic/public_html/portfolio/wp-content/uploads/2022/08/merakist-l5if0iQfV4c-unsplash-150x150.jpg) to a remote server (server_1).
21-08-2022 14:04:41 [mmilivojevic.wppsbootcamp.com][info] File successfully uploaded to remote server (server_1).
21-08-2022 14:04:41 [mmilivojevic.wppsbootcamp.com][info] Preparing to upload a file (/home/mmilivojevic/public_html/portfolio/wp-content/uploads/2022/08/merakist-l5if0iQfV4c-unsplash-300x225.jpg) to a remote server (server_1).
21-08-2022 14:04:41 [mmilivojevic.wppsbootcamp.com][info] File successfully uploaded to remote server (server_1).
21-08-2022 14:04:41 [mmilivojevic.wppsbootcamp.com][debug] New queue created #5, attributes values: {&quot;server_id&quot;:null,&quot;object_id&quot;:&quot;161&quot;,&quot;object_name&quot;:&quot;&quot;,&quot;item_type&quot;:&quot;attachment&quot;,&quot;item_hash&quot;:null,&quot;item_hash_alternative&quot;:null,&quot;result_status&quot;:&quot;success&quot;,&quot;processing_level&quot;:&quot;normal&quot;,&quot;is_backed_up&quot;:true,&quot;original_size&quot;:233398,&quot;final_size&quot;:111023,&quot;original_mime_type&quot;:&quot;image\/jpeg&quot;,&quot;final_mime_type&quot;:&quot;image\/jpeg&quot;,&quot;extra_data&quot;:&quot;{\&quot;thumbnails_count\&quot;:2,\&quot;original_main_size\&quot;:223512,\&quot;class\&quot;:\&quot;RIO_Attachment_Extra_Data\&quot;}&quot;,&quot;created_at&quot;:1661090681}
21-08-2022 14:04:41 [mmilivojevic.wppsbootcamp.com][info] End bulk optimization process! Scope: media-library. Remain: 16
-------------------------------
21-08-2022 14:04:41 [mmilivojevic.wppsbootcamp.com][info] Start bulk optimization process! Scope: media-library
21-08-2022 14:04:41 [mmilivojevic.wppsbootcamp.com][info] Preparing to upload a file (/home/mmilivojevic/public_html/portfolio/wp-content/uploads/2022/08/pexels-photo-4176249.jpeg) to a remote server (server_1).
21-08-2022 14:04:42 [mmilivojevic.wppsbootcamp.com][info] File successfully uploaded to remote server (server_1).
21-08-2022 14:04:42 [mmilivojevic.wppsbootcamp.com][info] Preparing to upload a file (/home/mmilivojevic/public_html/portfolio/wp-content/uploads/2022/08/pexels-photo-4176249-150x150.jpeg) to a remote server (server_1).
21-08-2022 14:04:42 [mmilivojevic.wppsbootcamp.com][info] File successfully uploaded to remote server (server_1).
21-08-2022 14:04:42 [mmilivojevic.wppsbootcamp.com][info] Preparing to upload a file (/home/mmilivojevic/public_html/portfolio/wp-content/uploads/2022/08/pexels-photo-4176249-300x200.jpeg) to a remote server (server_1).
21-08-2022 14:04:42 [mmilivojevic.wppsbootcamp.com][info] File successfully uploaded to remote server (server_1).
21-08-2022 14:04:42 [mmilivojevic.wppsbootcamp.com][debug] New queue created #6, attributes values: {&quot;server_id&quot;:null,&quot;object_id&quot;:&quot;174&quot;,&quot;object_name&quot;:&quot;&quot;,&quot;item_type&quot;:&quot;attachment&quot;,&quot;item_hash&quot;:null,&quot;item_hash_alternative&quot;:null,&quot;result_status&quot;:&quot;success&quot;,&quot;processing_level&quot;:&quot;normal&quot;,&quot;is_backed_up&quot;:true,&quot;original_size&quot;:95943,&quot;final_size&quot;:95943,&quot;original_mime_type&quot;:&quot;image\/jpeg&quot;,&quot;final_mime_type&quot;:&quot;image\/jpeg&quot;,&quot;extra_data&quot;:&quot;{\&quot;thumbnails_count\&quot;:2,\&quot;original_main_size\&quot;:77184,\&quot;class\&quot;:\&quot;RIO_Attachment_Extra_Data\&quot;}&quot;,&quot;created_at&quot;:1661090682}
21-08-2022 14:04:42 [mmilivojevic.wppsbootcamp.com][info] End bulk optimization process! Scope: media-library. Remain: 15
-------------------------------
21-08-2022 14:04:42 [mmilivojevic.wppsbootcamp.com][info] Start bulk optimization process! Scope: media-library
21-08-2022 14:04:42 [mmilivojevic.wppsbootcamp.com][info] Preparing to upload a file (/home/mmilivojevic/public_html/portfolio/wp-content/uploads/2022/08/pexels-photo-4176249-1.jpeg) to a remote server (server_1).
21-08-2022 14:04:43 [mmilivojevic.wppsbootcamp.com][info] File successfully uploaded to remote server (server_1).
21-08-2022 14:04:43 [mmilivojevic.wppsbootcamp.com][info] Preparing to upload a file (/home/mmilivojevic/public_html/portfolio/wp-content/uploads/2022/08/pexels-photo-4176249-1-150x150.jpeg) to a remote server (server_1).
21-08-2022 14:04:43 [mmilivojevic.wppsbootcamp.com][info] File successfully uploaded to remote server (server_1).
21-08-2022 14:04:43 [mmilivojevic.wppsbootcamp.com][info] Preparing to upload a file (/home/mmilivojevic/public_html/portfolio/wp-content/uploads/2022/08/pexels-photo-4176249-1-300x200.jpeg) to a remote server (server_1).
21-08-2022 14:04:43 [mmilivojevic.wppsbootcamp.com][info] File successfully uploaded to remote server (server_1).
21-08-2022 14:04:43 [mmilivojevic.wppsbootcamp.com][debug] New queue created #7, attributes values: {&quot;server_id&quot;:null,&quot;object_id&quot;:&quot;188&quot;,&quot;object_name&quot;:&quot;&quot;,&quot;item_type&quot;:&quot;attachment&quot;,&quot;item_hash&quot;:null,&quot;item_hash_alternative&quot;:null,&quot;result_status&quot;:&quot;success&quot;,&quot;processing_level&quot;:&quot;normal&quot;,&quot;is_backed_up&quot;:true,&quot;original_size&quot;:95943,&quot;final_size&quot;:95943,&quot;original_mime_type&quot;:&quot;image\/jpeg&quot;,&quot;final_mime_type&quot;:&quot;image\/jpeg&quot;,&quot;extra_data&quot;:&quot;{\&quot;thumbnails_count\&quot;:2,\&quot;original_main_size\&quot;:77184,\&quot;class\&quot;:\&quot;RIO_Attachment_Extra_Data\&quot;}&quot;,&quot;created_at&quot;:1661090683}
21-08-2022 14:04:43 [mmilivojevic.wppsbootcamp.com][info] End bulk optimization process! Scope: media-library. Remain: 14
-------------------------------
21-08-2022 14:04:43 [mmilivojevic.wppsbootcamp.com][info] Start bulk optimization process! Scope: media-library
21-08-2022 14:04:43 [mmilivojevic.wppsbootcamp.com][info] Preparing to upload a file (/home/mmilivojevic/public_html/portfolio/wp-content/uploads/2022/08/brett-jordan-XWar9MbNGUY-unsplash-scaled.jpg) to a remote server (server_1).
21-08-2022 14:04:44 [mmilivojevic.wppsbootcamp.com][info] File successfully uploaded to remote server (server_1).
21-08-2022 14:04:44 [mmilivojevic.wppsbootcamp.com][info] Preparing to upload a file (/home/mmilivojevic/public_html/portfolio/wp-content/uploads/2022/08/brett-jordan-XWar9MbNGUY-unsplash-150x150.jpg) to a remote server (server_1).
21-08-2022 14:04:44 [mmilivojevic.wppsbootcamp.com][info] File successfully uploaded to remote server (server_1).
21-08-2022 14:04:44 [mmilivojevic.wppsbootcamp.com][info] Preparing to upload a file (/home/mmilivojevic/public_html/portfolio/wp-content/uploads/2022/08/brett-jordan-XWar9MbNGUY-unsplash-300x225.jpg) to a remote server (server_1).
21-08-2022 14:04:44 [mmilivojevic.wppsbootcamp.com][info] File successfully uploaded to remote server (server_1).
21-08-2022 14:04:44 [mmilivojevic.wppsbootcamp.com][debug] New queue created #8, attributes values: {&quot;server_id&quot;:null,&quot;object_id&quot;:&quot;289&quot;,&quot;object_name&quot;:&quot;&quot;,&quot;item_type&quot;:&quot;attachment&quot;,&quot;item_hash&quot;:null,&quot;item_hash_alternative&quot;:null,&quot;result_status&quot;:&quot;success&quot;,&quot;processing_level&quot;:&quot;normal&quot;,&quot;is_backed_up&quot;:true,&quot;original_size&quot;:376038,&quot;final_size&quot;:165902,&quot;original_mime_type&quot;:&quot;image\/jpeg&quot;,&quot;final_mime_type&quot;:&quot;image\/jpeg&quot;,&quot;extra_data&quot;:&quot;{\&quot;thumbnails_count\&quot;:2,\&quot;original_main_size\&quot;:363077,\&quot;class\&quot;:\&quot;RIO_Attachment_Extra_Data\&quot;}&quot;,&quot;created_at&quot;:1661090684}
21-08-2022 14:04:44 [mmilivojevic.wppsbootcamp.com][info] End bulk optimization process! Scope: media-library. Remain: 13
-------------------------------
21-08-2022 14:04:45 [mmilivojevic.wppsbootcamp.com][info] Start bulk optimization process! Scope: media-library
21-08-2022 14:04:45 [mmilivojevic.wppsbootcamp.com][info] Preparing to upload a file (/home/mmilivojevic/public_html/portfolio/wp-content/uploads/2022/08/Why-is-copywriting-important.jpg) to a remote server (server_1).
21-08-2022 14:04:46 [mmilivojevic.wppsbootcamp.com][info] File successfully uploaded to remote server (server_1).
21-08-2022 14:04:46 [mmilivojevic.wppsbootcamp.com][info] Preparing to upload a file (/home/mmilivojevic/public_html/portfolio/wp-content/uploads/2022/08/Why-is-copywriting-important-150x150.jpg) to a remote server (server_1).
21-08-2022 14:04:46 [mmilivojevic.wppsbootcamp.com][info] File successfully uploaded to remote server (server_1).
21-08-2022 14:04:46 [mmilivojevic.wppsbootcamp.com][info] Preparing to upload a file (/home/mmilivojevic/public_html/portfolio/wp-content/uploads/2022/08/Why-is-copywriting-important-300x200.jpg) to a remote server (server_1).
21-08-2022 14:04:46 [mmilivojevic.wppsbootcamp.com][info] File successfully uploaded to remote server (server_1).
21-08-2022 14:04:46 [mmilivojevic.wppsbootcamp.com][debug] New queue created #9, attributes values: {&quot;server_id&quot;:null,&quot;object_id&quot;:&quot;293&quot;,&quot;object_name&quot;:&quot;&quot;,&quot;item_type&quot;:&quot;attachment&quot;,&quot;item_hash&quot;:null,&quot;item_hash_alternative&quot;:null,&quot;result_status&quot;:&quot;success&quot;,&quot;processing_level&quot;:&quot;normal&quot;,&quot;is_backed_up&quot;:true,&quot;original_size&quot;:1890981,&quot;final_size&quot;:330683,&quot;original_mime_type&quot;:&quot;image\/jpeg&quot;,&quot;final_mime_type&quot;:&quot;image\/jpeg&quot;,&quot;extra_data&quot;:&quot;{\&quot;thumbnails_count\&quot;:2,\&quot;original_main_size\&quot;:1869582,\&quot;class\&quot;:\&quot;RIO_Attachment_Extra_Data\&quot;}&quot;,&quot;created_at&quot;:1661090686}
21-08-2022 14:04:46 [mmilivojevic.wppsbootcamp.com][info] End bulk optimization process! Scope: media-library. Remain: 12
-------------------------------
21-08-2022 14:04:46 [mmilivojevic.wppsbootcamp.com][info] Start bulk optimization process! Scope: media-library
21-08-2022 14:04:46 [mmilivojevic.wppsbootcamp.com][info] Preparing to upload a file (/home/mmilivojevic/public_html/portfolio/wp-content/uploads/2022/08/website-construction-825x510-1.jpg) to a remote server (server_1).
21-08-2022 14:04:46 [mmilivojevic.wppsbootcamp.com][info] File successfully uploaded to remote server (server_1).
21-08-2022 14:04:47 [mmilivojevic.wppsbootcamp.com][info] Preparing to upload a file (/home/mmilivojevic/public_html/portfolio/wp-content/uploads/2022/08/website-construction-825x510-1-150x150.jpg) to a remote server (server_1).
21-08-2022 14:04:47 [mmilivojevic.wppsbootcamp.com][info] File successfully uploaded to remote server (server_1).
21-08-2022 14:04:47 [mmilivojevic.wppsbootcamp.com][info] Preparing to upload a file (/home/mmilivojevic/public_html/portfolio/wp-content/uploads/2022/08/website-construction-825x510-1-300x185.jpg) to a remote server (server_1).
21-08-2022 14:04:47 [mmilivojevic.wppsbootcamp.com][info] File successfully uploaded to remote server (server_1).
21-08-2022 14:04:47 [mmilivojevic.wppsbootcamp.com][debug] New queue created #10, attributes values: {&quot;server_id&quot;:null,&quot;object_id&quot;:&quot;297&quot;,&quot;object_name&quot;:&quot;&quot;,&quot;item_type&quot;:&quot;attachment&quot;,&quot;item_hash&quot;:null,&quot;item_hash_alternative&quot;:null,&quot;result_status&quot;:&quot;success&quot;,&quot;processing_level&quot;:&quot;normal&quot;,&quot;is_backed_up&quot;:true,&quot;original_size&quot;:82851,&quot;final_size&quot;:79696,&quot;original_mime_type&quot;:&quot;image\/jpeg&quot;,&quot;final_mime_type&quot;:&quot;image\/jpeg&quot;,&quot;extra_data&quot;:&quot;{\&quot;thumbnails_count\&quot;:2,\&quot;original_main_size\&quot;:61611,\&quot;class\&quot;:\&quot;RIO_Attachment_Extra_Data\&quot;}&quot;,&quot;created_at&quot;:1661090687}
21-08-2022 14:04:47 [mmilivojevic.wppsbootcamp.com][info] End bulk optimization process! Scope: media-library. Remain: 11
-------------------------------
21-08-2022 14:04:47 [mmilivojevic.wppsbootcamp.com][info] Start bulk optimization process! Scope: media-library
21-08-2022 14:04:47 [mmilivojevic.wppsbootcamp.com][info] Preparing to upload a file (/home/mmilivojevic/public_html/portfolio/wp-content/uploads/2022/08/clem-onojeghuo-fY8Jr4iuPQM-unsplash-scaled.jpg) to a remote server (server_1).
21-08-2022 14:04:48 [mmilivojevic.wppsbootcamp.com][info] File successfully uploaded to remote server (server_1).
21-08-2022 14:04:48 [mmilivojevic.wppsbootcamp.com][info] Preparing to upload a file (/home/mmilivojevic/public_html/portfolio/wp-content/uploads/2022/08/clem-onojeghuo-fY8Jr4iuPQM-unsplash-150x150.jpg) to a remote server (server_1).
21-08-2022 14:04:48 [mmilivojevic.wppsbootcamp.com][info] File successfully uploaded to remote server (server_1).
21-08-2022 14:04:48 [mmilivojevic.wppsbootcamp.com][info] Preparing to upload a file (/home/mmilivojevic/public_html/portfolio/wp-content/uploads/2022/08/clem-onojeghuo-fY8Jr4iuPQM-unsplash-300x200.jpg) to a remote server (server_1).
21-08-2022 14:04:48 [mmilivojevic.wppsbootcamp.com][info] File successfully uploaded to remote server (server_1).
21-08-2022 14:04:48 [mmilivojevic.wppsbootcamp.com][debug] New queue created #11, attributes values: {&quot;server_id&quot;:null,&quot;object_id&quot;:&quot;315&quot;,&quot;object_name&quot;:&quot;&quot;,&quot;item_type&quot;:&quot;attachment&quot;,&quot;item_hash&quot;:null,&quot;item_hash_alternative&quot;:null,&quot;result_status&quot;:&quot;success&quot;,&quot;processing_level&quot;:&quot;normal&quot;,&quot;is_backed_up&quot;:true,&quot;original_size&quot;:258079,&quot;final_size&quot;:132659,&quot;original_mime_type&quot;:&quot;image\/jpeg&quot;,&quot;final_mime_type&quot;:&quot;image\/jpeg&quot;,&quot;extra_data&quot;:&quot;{\&quot;thumbnails_count\&quot;:2,\&quot;original_main_size\&quot;:242778,\&quot;class\&quot;:\&quot;RIO_Attachment_Extra_Data\&quot;}&quot;,&quot;created_at&quot;:1661090688}
21-08-2022 14:04:48 [mmilivojevic.wppsbootcamp.com][info] End bulk optimization process! Scope: media-library. Remain: 10
-------------------------------
21-08-2022 14:04:49 [mmilivojevic.wppsbootcamp.com][info] Start bulk optimization process! Scope: media-library
21-08-2022 14:04:49 [mmilivojevic.wppsbootcamp.com][info] Preparing to upload a file (/home/mmilivojevic/public_html/portfolio/wp-content/uploads/2022/08/how-long-build-professional-website.jpg) to a remote server (server_1).
21-08-2022 14:04:49 [mmilivojevic.wppsbootcamp.com][info] File successfully uploaded to remote server (server_1).
21-08-2022 14:04:49 [mmilivojevic.wppsbootcamp.com][info] Preparing to upload a file (/home/mmilivojevic/public_html/portfolio/wp-content/uploads/2022/08/how-long-build-professional-website-150x150.jpg) to a remote server (server_1).
21-08-2022 14:04:49 [mmilivojevic.wppsbootcamp.com][info] File successfully uploaded to remote server (server_1).
21-08-2022 14:04:49 [mmilivojevic.wppsbootcamp.com][info] Preparing to upload a file (/home/mmilivojevic/public_html/portfolio/wp-content/uploads/2022/08/how-long-build-professional-website-300x134.jpg) to a remote server (server_1).
21-08-2022 14:04:49 [mmilivojevic.wppsbootcamp.com][info] File successfully uploaded to remote server (server_1).
21-08-2022 14:04:49 [mmilivojevic.wppsbootcamp.com][debug] New queue created #12, attributes values: {&quot;server_id&quot;:null,&quot;object_id&quot;:&quot;332&quot;,&quot;object_name&quot;:&quot;&quot;,&quot;item_type&quot;:&quot;attachment&quot;,&quot;item_hash&quot;:null,&quot;item_hash_alternative&quot;:null,&quot;result_status&quot;:&quot;success&quot;,&quot;processing_level&quot;:&quot;normal&quot;,&quot;is_backed_up&quot;:true,&quot;original_size&quot;:87600,&quot;final_size&quot;:71451,&quot;original_mime_type&quot;:&quot;image\/jpeg&quot;,&quot;final_mime_type&quot;:&quot;image\/jpeg&quot;,&quot;extra_data&quot;:&quot;{\&quot;thumbnails_count\&quot;:2,\&quot;original_main_size\&quot;:72650,\&quot;class\&quot;:\&quot;RIO_Attachment_Extra_Data\&quot;}&quot;,&quot;created_at&quot;:1661090689}
21-08-2022 14:04:49 [mmilivojevic.wppsbootcamp.com][info] End bulk optimization process! Scope: media-library. Remain: 9
-------------------------------
21-08-2022 14:04:49 [mmilivojevic.wppsbootcamp.com][info] Start bulk optimization process! Scope: media-library
21-08-2022 14:04:49 [mmilivojevic.wppsbootcamp.com][info] Preparing to upload a file (/home/mmilivojevic/public_html/portfolio/wp-content/uploads/2022/08/how-long-build-professional-website-1.jpg) to a remote server (server_1).
21-08-2022 14:04:50 [mmilivojevic.wppsbootcamp.com][info] File successfully uploaded to remote server (server_1).
21-08-2022 14:04:50 [mmilivojevic.wppsbootcamp.com][info] Preparing to upload a file (/home/mmilivojevic/public_html/portfolio/wp-content/uploads/2022/08/how-long-build-professional-website-1-150x150.jpg) to a remote server (server_1).
21-08-2022 14:04:50 [mmilivojevic.wppsbootcamp.com][info] File successfully uploaded to remote server (server_1).
21-08-2022 14:04:50 [mmilivojevic.wppsbootcamp.com][info] Preparing to upload a file (/home/mmilivojevic/public_html/portfolio/wp-content/uploads/2022/08/how-long-build-professional-website-1-300x134.jpg) to a remote server (server_1).
21-08-2022 14:04:50 [mmilivojevic.wppsbootcamp.com][info] File successfully uploaded to remote server (server_1).
21-08-2022 14:04:50 [mmilivojevic.wppsbootcamp.com][debug] New queue created #13, attributes values: {&quot;server_id&quot;:null,&quot;object_id&quot;:&quot;337&quot;,&quot;object_name&quot;:&quot;&quot;,&quot;item_type&quot;:&quot;attachment&quot;,&quot;item_hash&quot;:null,&quot;item_hash_alternative&quot;:null,&quot;result_status&quot;:&quot;success&quot;,&quot;processing_level&quot;:&quot;normal&quot;,&quot;is_backed_up&quot;:true,&quot;original_size&quot;:87600,&quot;final_size&quot;:71451,&quot;original_mime_type&quot;:&quot;image\/jpeg&quot;,&quot;final_mime_type&quot;:&quot;image\/jpeg&quot;,&quot;extra_data&quot;:&quot;{\&quot;thumbnails_count\&quot;:2,\&quot;original_main_size\&quot;:72650,\&quot;class\&quot;:\&quot;RIO_Attachment_Extra_Data\&quot;}&quot;,&quot;created_at&quot;:1661090690}
21-08-2022 14:04:50 [mmilivojevic.wppsbootcamp.com][info] End bulk optimization process! Scope: media-library. Remain: 8
-------------------------------
21-08-2022 14:04:50 [mmilivojevic.wppsbootcamp.com][info] Start bulk optimization process! Scope: media-library
21-08-2022 14:04:50 [mmilivojevic.wppsbootcamp.com][info] Preparing to upload a file (/home/mmilivojevic/public_html/portfolio/wp-content/uploads/2022/08/cropped-website-construction-825x510-1.jpg) to a remote server (server_1).
21-08-2022 14:04:50 [mmilivojevic.wppsbootcamp.com][info] File successfully uploaded to remote server (server_1).
21-08-2022 14:04:51 [mmilivojevic.wppsbootcamp.com][info] Preparing to upload a file (/home/mmilivojevic/public_html/portfolio/wp-content/uploads/2022/08/cropped-website-construction-825x510-1-150x150.jpg) to a remote server (server_1).
21-08-2022 14:04:51 [mmilivojevic.wppsbootcamp.com][info] File successfully uploaded to remote server (server_1).
21-08-2022 14:04:51 [mmilivojevic.wppsbootcamp.com][info] Preparing to upload a file (/home/mmilivojevic/public_html/portfolio/wp-content/uploads/2022/08/cropped-website-construction-825x510-1-300x155.jpg) to a remote server (server_1).
21-08-2022 14:04:51 [mmilivojevic.wppsbootcamp.com][info] File successfully uploaded to remote server (server_1).
21-08-2022 14:04:51 [mmilivojevic.wppsbootcamp.com][debug] New queue created #14, attributes values: {&quot;server_id&quot;:null,&quot;object_id&quot;:&quot;512&quot;,&quot;object_name&quot;:&quot;&quot;,&quot;item_type&quot;:&quot;attachment&quot;,&quot;item_hash&quot;:null,&quot;item_hash_alternative&quot;:null,&quot;result_status&quot;:&quot;success&quot;,&quot;processing_level&quot;:&quot;normal&quot;,&quot;is_backed_up&quot;:true,&quot;original_size&quot;:68786,&quot;final_size&quot;:68786,&quot;original_mime_type&quot;:&quot;image\/jpeg&quot;,&quot;final_mime_type&quot;:&quot;image\/jpeg&quot;,&quot;extra_data&quot;:&quot;{\&quot;thumbnails_count\&quot;:2,\&quot;original_main_size\&quot;:47771,\&quot;class\&quot;:\&quot;RIO_Attachment_Extra_Data\&quot;}&quot;,&quot;created_at&quot;:1661090691}
21-08-2022 14:04:51 [mmilivojevic.wppsbootcamp.com][info] End bulk optimization process! Scope: media-library. Remain: 7
-------------------------------
21-08-2022 14:04:51 [mmilivojevic.wppsbootcamp.com][info] Start bulk optimization process! Scope: media-library
21-08-2022 14:04:51 [mmilivojevic.wppsbootcamp.com][info] Preparing to upload a file (/home/mmilivojevic/public_html/portfolio/wp-content/uploads/2022/08/cropped-how-long-build-professional-website.jpg) to a remote server (server_1).
21-08-2022 14:04:51 [mmilivojevic.wppsbootcamp.com][info] File successfully uploaded to remote server (server_1).
21-08-2022 14:04:52 [mmilivojevic.wppsbootcamp.com][info] Preparing to upload a file (/home/mmilivojevic/public_html/portfolio/wp-content/uploads/2022/08/cropped-how-long-build-professional-website-150x150.jpg) to a remote server (server_1).
21-08-2022 14:04:52 [mmilivojevic.wppsbootcamp.com][info] File successfully uploaded to remote server (server_1).
21-08-2022 14:04:52 [mmilivojevic.wppsbootcamp.com][info] Preparing to upload a file (/home/mmilivojevic/public_html/portfolio/wp-content/uploads/2022/08/cropped-how-long-build-professional-website-300x130.jpg) to a remote server (server_1).
21-08-2022 14:04:52 [mmilivojevic.wppsbootcamp.com][info] File successfully uploaded to remote server (server_1).
21-08-2022 14:04:52 [mmilivojevic.wppsbootcamp.com][debug] New queue created #15, attributes values: {&quot;server_id&quot;:null,&quot;object_id&quot;:&quot;513&quot;,&quot;object_name&quot;:&quot;&quot;,&quot;item_type&quot;:&quot;attachment&quot;,&quot;item_hash&quot;:null,&quot;item_hash_alternative&quot;:null,&quot;result_status&quot;:&quot;success&quot;,&quot;processing_level&quot;:&quot;normal&quot;,&quot;is_backed_up&quot;:true,&quot;original_size&quot;:56449,&quot;final_size&quot;:56449,&quot;original_mime_type&quot;:&quot;image\/jpeg&quot;,&quot;final_mime_type&quot;:&quot;image\/jpeg&quot;,&quot;extra_data&quot;:&quot;{\&quot;thumbnails_count\&quot;:2,\&quot;original_main_size\&quot;:41656,\&quot;class\&quot;:\&quot;RIO_Attachment_Extra_Data\&quot;}&quot;,&quot;created_at&quot;:1661090692}
21-08-2022 14:04:52 [mmilivojevic.wppsbootcamp.com][info] End bulk optimization process! Scope: media-library. Remain: 6
-------------------------------
21-08-2022 14:04:52 [mmilivojevic.wppsbootcamp.com][info] Start bulk optimization process! Scope: media-library
21-08-2022 14:04:52 [mmilivojevic.wppsbootcamp.com][info] Preparing to upload a file (/home/mmilivojevic/public_html/portfolio/wp-content/uploads/2022/08/cropped-cropped-how-long-build-professional-website.jpg) to a remote server (server_1).
21-08-2022 14:04:52 [mmilivojevic.wppsbootcamp.com][info] File successfully uploaded to remote server (server_1).
21-08-2022 14:04:52 [mmilivojevic.wppsbootcamp.com][info] Preparing to upload a file (/home/mmilivojevic/public_html/portfolio/wp-content/uploads/2022/08/cropped-cropped-how-long-build-professional-website-150x150.jpg) to a remote server (server_1).
21-08-2022 14:04:52 [mmilivojevic.wppsbootcamp.com][info] Preparing to upload a file (/home/mmilivojevic/public_html/portfolio/wp-content/uploads/2022/08/cropped-cropped-how-long-build-professional-website-300x172.jpg) to a remote server (server_1).
21-08-2022 14:04:52 [mmilivojevic.wppsbootcamp.com][info] File successfully uploaded to remote server (server_1).
21-08-2022 14:04:52 [mmilivojevic.wppsbootcamp.com][debug] New queue created #16, attributes values: {&quot;server_id&quot;:null,&quot;object_id&quot;:&quot;723&quot;,&quot;object_name&quot;:&quot;&quot;,&quot;item_type&quot;:&quot;attachment&quot;,&quot;item_hash&quot;:null,&quot;item_hash_alternative&quot;:null,&quot;result_status&quot;:&quot;success&quot;,&quot;processing_level&quot;:&quot;normal&quot;,&quot;is_backed_up&quot;:true,&quot;original_size&quot;:53050,&quot;final_size&quot;:53050,&quot;original_mime_type&quot;:&quot;image\/jpeg&quot;,&quot;final_mime_type&quot;:&quot;image\/jpeg&quot;,&quot;extra_data&quot;:&quot;{\&quot;thumbnails_count\&quot;:1,\&quot;original_main_size\&quot;:41340,\&quot;class\&quot;:\&quot;RIO_Attachment_Extra_Data\&quot;}&quot;,&quot;created_at&quot;:1661090692}
21-08-2022 14:04:52 [mmilivojevic.wppsbootcamp.com][info] End bulk optimization process! Scope: media-library. Remain: 5
-------------------------------
21-08-2022 14:04:53 [mmilivojevic.wppsbootcamp.com][info] Start bulk optimization process! Scope: media-library
21-08-2022 14:04:53 [mmilivojevic.wppsbootcamp.com][info] Preparing to upload a file (/home/mmilivojevic/public_html/portfolio/wp-content/uploads/2022/08/asdasd.png) to a remote server (server_1).
21-08-2022 14:04:54 [mmilivojevic.wppsbootcamp.com][info] File successfully uploaded to remote server (server_1).
21-08-2022 14:04:54 [mmilivojevic.wppsbootcamp.com][info] Preparing to upload a file (/home/mmilivojevic/public_html/portfolio/wp-content/uploads/2022/08/asdasd-150x150.png) to a remote server (server_1).
21-08-2022 14:04:54 [mmilivojevic.wppsbootcamp.com][info] File successfully uploaded to remote server (server_1).
21-08-2022 14:04:54 [mmilivojevic.wppsbootcamp.com][info] Preparing to upload a file (/home/mmilivojevic/public_html/portfolio/wp-content/uploads/2022/08/asdasd-300x135.png) to a remote server (server_1).
21-08-2022 14:04:54 [mmilivojevic.wppsbootcamp.com][info] File successfully uploaded to remote server (server_1).
21-08-2022 14:04:54 [mmilivojevic.wppsbootcamp.com][debug] New queue created #17, attributes values: {&quot;server_id&quot;:null,&quot;object_id&quot;:&quot;773&quot;,&quot;object_name&quot;:&quot;&quot;,&quot;item_type&quot;:&quot;attachment&quot;,&quot;item_hash&quot;:null,&quot;item_hash_alternative&quot;:null,&quot;result_status&quot;:&quot;success&quot;,&quot;processing_level&quot;:&quot;normal&quot;,&quot;is_backed_up&quot;:true,&quot;original_size&quot;:632602,&quot;final_size&quot;:175625,&quot;original_mime_type&quot;:&quot;image\/png&quot;,&quot;final_mime_type&quot;:&quot;image\/png&quot;,&quot;extra_data&quot;:&quot;{\&quot;thumbnails_count\&quot;:2,\&quot;original_main_size\&quot;:596316,\&quot;class\&quot;:\&quot;RIO_Attachment_Extra_Data\&quot;}&quot;,&quot;created_at&quot;:1661090694}
21-08-2022 14:04:54 [mmilivojevic.wppsbootcamp.com][info] End bulk optimization process! Scope: media-library. Remain: 4
-------------------------------
21-08-2022 14:04:55 [mmilivojevic.wppsbootcamp.com][info] Start bulk optimization process! Scope: media-library
21-08-2022 14:04:55 [mmilivojevic.wppsbootcamp.com][info] Preparing to upload a file (/home/mmilivojevic/public_html/portfolio/wp-content/uploads/2022/08/asdfd.png) to a remote server (server_1).
21-08-2022 14:04:56 [mmilivojevic.wppsbootcamp.com][info] File successfully uploaded to remote server (server_1).
21-08-2022 14:04:56 [mmilivojevic.wppsbootcamp.com][info] Preparing to upload a file (/home/mmilivojevic/public_html/portfolio/wp-content/uploads/2022/08/asdfd-150x150.png) to a remote server (server_1).
21-08-2022 14:04:56 [mmilivojevic.wppsbootcamp.com][info] File successfully uploaded to remote server (server_1).
21-08-2022 14:04:56 [mmilivojevic.wppsbootcamp.com][info] Preparing to upload a file (/home/mmilivojevic/public_html/portfolio/wp-content/uploads/2022/08/asdfd-300x135.png) to a remote server (server_1).
21-08-2022 14:04:56 [mmilivojevic.wppsbootcamp.com][info] File successfully uploaded to remote server (server_1).
21-08-2022 14:04:56 [mmilivojevic.wppsbootcamp.com][debug] New queue created #18, attributes values: {&quot;server_id&quot;:null,&quot;object_id&quot;:&quot;774&quot;,&quot;object_name&quot;:&quot;&quot;,&quot;item_type&quot;:&quot;attachment&quot;,&quot;item_hash&quot;:null,&quot;item_hash_alternative&quot;:null,&quot;result_status&quot;:&quot;success&quot;,&quot;processing_level&quot;:&quot;normal&quot;,&quot;is_backed_up&quot;:true,&quot;original_size&quot;:257448,&quot;final_size&quot;:85895,&quot;original_mime_type&quot;:&quot;image\/png&quot;,&quot;final_mime_type&quot;:&quot;image\/png&quot;,&quot;extra_data&quot;:&quot;{\&quot;thumbnails_count\&quot;:2,\&quot;original_main_size\&quot;:230049,\&quot;class\&quot;:\&quot;RIO_Attachment_Extra_Data\&quot;}&quot;,&quot;created_at&quot;:1661090696}
21-08-2022 14:04:56 [mmilivojevic.wppsbootcamp.com][info] End bulk optimization process! Scope: media-library. Remain: 3
-------------------------------
21-08-2022 14:04:57 [mmilivojevic.wppsbootcamp.com][info] Start bulk optimization process! Scope: media-library
21-08-2022 14:04:57 [mmilivojevic.wppsbootcamp.com][info] Preparing to upload a file (/home/mmilivojevic/public_html/portfolio/wp-content/uploads/2022/08/sggdf.png) to a remote server (server_1).
21-08-2022 14:04:58 [mmilivojevic.wppsbootcamp.com][info] File successfully uploaded to remote server (server_1).
21-08-2022 14:04:58 [mmilivojevic.wppsbootcamp.com][info] Preparing to upload a file (/home/mmilivojevic/public_html/portfolio/wp-content/uploads/2022/08/sggdf-150x150.png) to a remote server (server_1).
21-08-2022 14:04:58 [mmilivojevic.wppsbootcamp.com][info] File successfully uploaded to remote server (server_1).
21-08-2022 14:04:58 [mmilivojevic.wppsbootcamp.com][info] Preparing to upload a file (/home/mmilivojevic/public_html/portfolio/wp-content/uploads/2022/08/sggdf-300x134.png) to a remote server (server_1).
21-08-2022 14:04:59 [mmilivojevic.wppsbootcamp.com][info] File successfully uploaded to remote server (server_1).
21-08-2022 14:04:59 [mmilivojevic.wppsbootcamp.com][debug] New queue created #19, attributes values: {&quot;server_id&quot;:null,&quot;object_id&quot;:&quot;775&quot;,&quot;object_name&quot;:&quot;&quot;,&quot;item_type&quot;:&quot;attachment&quot;,&quot;item_hash&quot;:null,&quot;item_hash_alternative&quot;:null,&quot;result_status&quot;:&quot;success&quot;,&quot;processing_level&quot;:&quot;normal&quot;,&quot;is_backed_up&quot;:true,&quot;original_size&quot;:529266,&quot;final_size&quot;:143614,&quot;original_mime_type&quot;:&quot;image\/png&quot;,&quot;final_mime_type&quot;:&quot;image\/png&quot;,&quot;extra_data&quot;:&quot;{\&quot;thumbnails_count\&quot;:2,\&quot;original_main_size\&quot;:491455,\&quot;class\&quot;:\&quot;RIO_Attachment_Extra_Data\&quot;}&quot;,&quot;created_at&quot;:1661090699}
21-08-2022 14:04:59 [mmilivojevic.wppsbootcamp.com][info] End bulk optimization process! Scope: media-library. Remain: 2
-------------------------------
21-08-2022 14:04:59 [mmilivojevic.wppsbootcamp.com][info] Start bulk optimization process! Scope: media-library
21-08-2022 14:05:00 [mmilivojevic.wppsbootcamp.com][info] Preparing to upload a file (/home/mmilivojevic/public_html/portfolio/wp-content/uploads/2022/08/pocetna-scaled.jpg) to a remote server (server_1).
21-08-2022 14:05:00 [mmilivojevic.wppsbootcamp.com][info] File successfully uploaded to remote server (server_1).
21-08-2022 14:05:00 [mmilivojevic.wppsbootcamp.com][info] Preparing to upload a file (/home/mmilivojevic/public_html/portfolio/wp-content/uploads/2022/08/pocetna-150x150.jpg) to a remote server (server_1).
21-08-2022 14:05:00 [mmilivojevic.wppsbootcamp.com][info] File successfully uploaded to remote server (server_1).
21-08-2022 14:05:00 [mmilivojevic.wppsbootcamp.com][info] Preparing to upload a file (/home/mmilivojevic/public_html/portfolio/wp-content/uploads/2022/08/pocetna-286x300.jpg) to a remote server (server_1).
21-08-2022 14:05:01 [mmilivojevic.wppsbootcamp.com][info] File successfully uploaded to remote server (server_1).
21-08-2022 14:05:01 [mmilivojevic.wppsbootcamp.com][debug] New queue created #20, attributes values: {&quot;server_id&quot;:null,&quot;object_id&quot;:&quot;870&quot;,&quot;object_name&quot;:&quot;&quot;,&quot;item_type&quot;:&quot;attachment&quot;,&quot;item_hash&quot;:null,&quot;item_hash_alternative&quot;:null,&quot;result_status&quot;:&quot;success&quot;,&quot;processing_level&quot;:&quot;normal&quot;,&quot;is_backed_up&quot;:true,&quot;original_size&quot;:442753,&quot;final_size&quot;:183047,&quot;original_mime_type&quot;:&quot;image\/jpeg&quot;,&quot;final_mime_type&quot;:&quot;image\/jpeg&quot;,&quot;extra_data&quot;:&quot;{\&quot;thumbnails_count\&quot;:2,\&quot;original_main_size\&quot;:422842,\&quot;class\&quot;:\&quot;RIO_Attachment_Extra_Data\&quot;}&quot;,&quot;created_at&quot;:1661090701}
21-08-2022 14:05:01 [mmilivojevic.wppsbootcamp.com][info] End bulk optimization process! Scope: media-library. Remain: 1
-------------------------------
21-08-2022 14:05:01 [mmilivojevic.wppsbootcamp.com][info] Start bulk optimization process! Scope: media-library
21-08-2022 14:05:01 [mmilivojevic.wppsbootcamp.com][info] Preparing to upload a file (/home/mmilivojevic/public_html/portfolio/wp-content/uploads/2022/08/about.jpg) to a remote server (server_1).
21-08-2022 14:05:01 [mmilivojevic.wppsbootcamp.com][info] File successfully uploaded to remote server (server_1).
21-08-2022 14:05:02 [mmilivojevic.wppsbootcamp.com][info] Preparing to upload a file (/home/mmilivojevic/public_html/portfolio/wp-content/uploads/2022/08/about-150x150.jpg) to a remote server (server_1).
21-08-2022 14:05:02 [mmilivojevic.wppsbootcamp.com][info] Preparing to upload a file (/home/mmilivojevic/public_html/portfolio/wp-content/uploads/2022/08/about-296x300.jpg) to a remote server (server_1).
21-08-2022 14:05:02 [mmilivojevic.wppsbootcamp.com][info] File successfully uploaded to remote server (server_1).
21-08-2022 14:05:02 [mmilivojevic.wppsbootcamp.com][debug] New queue created #21, attributes values: {&quot;server_id&quot;:null,&quot;object_id&quot;:&quot;872&quot;,&quot;object_name&quot;:&quot;&quot;,&quot;item_type&quot;:&quot;attachment&quot;,&quot;item_hash&quot;:null,&quot;item_hash_alternative&quot;:null,&quot;result_status&quot;:&quot;success&quot;,&quot;processing_level&quot;:&quot;normal&quot;,&quot;is_backed_up&quot;:true,&quot;original_size&quot;:180719,&quot;final_size&quot;:171162,&quot;original_mime_type&quot;:&quot;image\/jpeg&quot;,&quot;final_mime_type&quot;:&quot;image\/jpeg&quot;,&quot;extra_data&quot;:&quot;{\&quot;thumbnails_count\&quot;:1,\&quot;original_main_size\&quot;:164096,\&quot;class\&quot;:\&quot;RIO_Attachment_Extra_Data\&quot;}&quot;,&quot;created_at&quot;:1661090702}
21-08-2022 14:05:02 [mmilivojevic.wppsbootcamp.com][info] End bulk optimization process! Scope: media-library. Remain: 0
-------------------------------
21-08-2022 14:15:05 [mmilivojevic.wppsbootcamp.com][info] Parent plugin start deactivation!
21-08-2022 14:15:05 [mmilivojevic.wppsbootcamp.com][info] Parent plugin deactivation complete!
-------------------------------